1728655294.227564 client started (14008): version 3.5a, socket /private/tmp/tmux-501/default, protocol 8
1728655294.227675 on Darwin 23.4.0 Darwin Kernel Version 23.4.0: Wed Feb 21 21:44:06 PST 2024; root:xnu-10063.101.15~2/RELEASE_ARM64_T8103
1728655294.227693 using libevent 2.1.12-stable select
1728655294.228610 using utf8proc 2.9.0
1728655294.228637 using ncurses 6.5 20240427
1728655294.228663 flags are 0x10010000
1728655294.228673 socket is /private/tmp/tmux-501/default
1728655294.228688 trying connect
1728655294.228751 add peer 0x140048000: 6 (0x0)
1728655294.231822 sending message 111 to peer 0x140048000 (8 bytes)
1728655294.231851 sending message 111 to peer 0x140048000 (8 bytes)
1728655294.231860 sending message 101 to peer 0x140048000 (16 bytes)
1728655294.231868 sending message 109 to peer 0x140048000 (4 bytes)
1728655294.231876 sending message 102 to peer 0x140048000 (13 bytes)
1728655294.231884 sending message 108 to peer 0x140048000 (29 bytes)
1728655294.231891 sending message 112 to peer 0x140048000 (70 bytes)
1728655294.231899 sending message 112 to peer 0x140048000 (5 bytes)
1728655294.231906 sending message 112 to peer 0x140048000 (5 bytes)
1728655294.231914 sending message 112 to peer 0x140048000 (6 bytes)
1728655294.231921 sending message 112 to peer 0x140048000 (6 bytes)
1728655294.231928 sending message 112 to peer 0x140048000 (11 bytes)
1728655294.231936 sending message 112 to peer 0x140048000 (10 bytes)
1728655294.231943 sending message 112 to peer 0x140048000 (13 bytes)
1728655294.231950 sending message 112 to peer 0x140048000 (13 bytes)
1728655294.231957 sending message 112 to peer 0x140048000 (18 bytes)
1728655294.231965 sending message 112 to peer 0x140048000 (11 bytes)
1728655294.231972 sending message 112 to peer 0x140048000 (21 bytes)
1728655294.231979 sending message 112 to peer 0x140048000 (13 bytes)
1728655294.231986 sending message 112 to peer 0x140048000 (7 bytes)
1728655294.231994 sending message 112 to peer 0x140048000 (13 bytes)
1728655294.232001 sending message 112 to peer 0x140048000 (7 bytes)
1728655294.232008 sending message 112 to peer 0x140048000 (13 bytes)
1728655294.232015 sending message 112 to peer 0x140048000 (9 bytes)
1728655294.232022 sending message 112 to peer 0x140048000 (21 bytes)
1728655294.232030 sending message 112 to peer 0x140048000 (13 bytes)
1728655294.232037 sending message 112 to peer 0x140048000 (8 bytes)
1728655294.232044 sending message 112 to peer 0x140048000 (12 bytes)
1728655294.232051 sending message 112 to peer 0x140048000 (13 bytes)
1728655294.232058 sending message 112 to peer 0x140048000 (9 bytes)
1728655294.232066 sending message 112 to peer 0x140048000 (9 bytes)
1728655294.232073 sending message 112 to peer 0x140048000 (12 bytes)
1728655294.232080 sending message 112 to peer 0x140048000 (8 bytes)
1728655294.232087 sending message 112 to peer 0x140048000 (7 bytes)
1728655294.232094 sending message 112 to peer 0x140048000 (7 bytes)
1728655294.232102 sending message 112 to peer 0x140048000 (9 bytes)
1728655294.232109 sending message 112 to peer 0x140048000 (13 bytes)
1728655294.232116 sending message 112 to peer 0x140048000 (9 bytes)
1728655294.232123 sending message 112 to peer 0x140048000 (15 bytes)
1728655294.232130 sending message 112 to peer 0x140048000 (13 bytes)
1728655294.232138 sending message 112 to peer 0x140048000 (12 bytes)
1728655294.232145 sending message 112 to peer 0x140048000 (8 bytes)
1728655294.232152 sending message 112 to peer 0x140048000 (14 bytes)
1728655294.232159 sending message 112 to peer 0x140048000 (9 bytes)
1728655294.232166 sending message 112 to peer 0x140048000 (10 bytes)
1728655294.232174 sending message 112 to peer 0x140048000 (10 bytes)
1728655294.232181 sending message 112 to peer 0x140048000 (10 bytes)
1728655294.232188 sending message 112 to peer 0x140048000 (10 bytes)
1728655294.232195 sending message 112 to peer 0x140048000 (11 bytes)
1728655294.232202 sending message 112 to peer 0x140048000 (10 bytes)
1728655294.232209 sending message 112 to peer 0x140048000 (8 bytes)
1728655294.232216 sending message 112 to peer 0x140048000 (11 bytes)
1728655294.232240 sending message 112 to peer 0x140048000 (11 bytes)
1728655294.232245 sending message 112 to peer 0x140048000 (11 bytes)
1728655294.232251 sending message 112 to peer 0x140048000 (8 bytes)
1728655294.232256 sending message 112 to peer 0x140048000 (8 bytes)
1728655294.232261 sending message 112 to peer 0x140048000 (8 bytes)
1728655294.232266 sending message 112 to peer 0x140048000 (10 bytes)
1728655294.232272 sending message 112 to peer 0x140048000 (10 bytes)
1728655294.232277 sending message 112 to peer 0x140048000 (10 bytes)
1728655294.232282 sending message 112 to peer 0x140048000 (10 bytes)
1728655294.232287 sending message 112 to peer 0x140048000 (10 bytes)
1728655294.232292 sending message 112 to peer 0x140048000 (11 bytes)
1728655294.232297 sending message 112 to peer 0x140048000 (11 bytes)
1728655294.232302 sending message 112 to peer 0x140048000 (10 bytes)
1728655294.232307 sending message 112 to peer 0x140048000 (9 bytes)
1728655294.232312 sending message 112 to peer 0x140048000 (9 bytes)
1728655294.232318 sending message 112 to peer 0x140048000 (12 bytes)
1728655294.232323 sending message 112 to peer 0x140048000 (9 bytes)
1728655294.232328 sending message 112 to peer 0x140048000 (6 bytes)
1728655294.232333 sending message 112 to peer 0x140048000 (13 bytes)
1728655294.232338 sending message 112 to peer 0x140048000 (8 bytes)
1728655294.232343 sending message 112 to peer 0x140048000 (15 bytes)
1728655294.232348 sending message 112 to peer 0x140048000 (13 bytes)
1728655294.232353 sending message 112 to peer 0x140048000 (70 bytes)
1728655294.232358 sending message 112 to peer 0x140048000 (69 bytes)
1728655294.232363 sending message 112 to peer 0x140048000 (10 bytes)
1728655294.232368 sending message 112 to peer 0x140048000 (8 bytes)
1728655294.232373 sending message 112 to peer 0x140048000 (15 bytes)
1728655294.232378 sending message 112 to peer 0x140048000 (13 bytes)
1728655294.232383 sending message 112 to peer 0x140048000 (10 bytes)
1728655294.232388 sending message 112 to peer 0x140048000 (10 bytes)
1728655294.232393 sending message 112 to peer 0x140048000 (5 bytes)
1728655294.232398 sending message 112 to peer 0x140048000 (15 bytes)
1728655294.232405 sending message 104 to peer 0x140048000 (0 bytes)
1728655294.232411 sending message 110 to peer 0x140048000 (0 bytes)
1728655294.232416 sending message 107 to peer 0x140048000 (4 bytes)
1728655294.232421 sending message 105 to peer 0x140048000 (20 bytes)
1728655294.232426 sending message 105 to peer 0x140048000 (22 bytes)
1728655294.232431 sending message 105 to peer 0x140048000 (23 bytes)
1728655294.232436 sending message 105 to peer 0x140048000 (50 bytes)
1728655294.232441 sending message 105 to peer 0x140048000 (43 bytes)
1728655294.232446 sending message 105 to peer 0x140048000 (30 bytes)
1728655294.232451 sending message 105 to peer 0x140048000 (58 bytes)
1728655294.232456 sending message 105 to peer 0x140048000 (14 bytes)
1728655294.232461 sending message 105 to peer 0x140048000 (64 bytes)
1728655294.232466 sending message 105 to peer 0x140048000 (73 bytes)
1728655294.232471 sending message 105 to peer 0x140048000 (65 bytes)
1728655294.232476 sending message 105 to peer 0x140048000 (66 bytes)
1728655294.232481 sending message 105 to peer 0x140048000 (30 bytes)
1728655294.232486 sending message 105 to peer 0x140048000 (41 bytes)
1728655294.232491 sending message 105 to peer 0x140048000 (32 bytes)
1728655294.232496 sending message 105 to peer 0x140048000 (36 bytes)
1728655294.232501 sending message 105 to peer 0x140048000 (31 bytes)
1728655294.232506 sending message 105 to peer 0x140048000 (21 bytes)
1728655294.232511 sending message 105 to peer 0x140048000 (37 bytes)
1728655294.232516 sending message 105 to peer 0x140048000 (30 bytes)
1728655294.232521 sending message 105 to peer 0x140048000 (34 bytes)
1728655294.232526 sending message 105 to peer 0x140048000 (110 bytes)
1728655294.232532 sending message 105 to peer 0x140048000 (17 bytes)
1728655294.232537 sending message 105 to peer 0x140048000 (8 bytes)
1728655294.232542 sending message 105 to peer 0x140048000 (17 bytes)
1728655294.232558 sending message 105 to peer 0x140048000 (32 bytes)
1728655294.232563 sending message 105 to peer 0x140048000 (54 bytes)
1728655294.232568 sending message 105 to peer 0x140048000 (189 bytes)
1728655294.232573 sending message 105 to peer 0x140048000 (36 bytes)
1728655294.232579 sending message 105 to peer 0x140048000 (12 bytes)
1728655294.232584 sending message 105 to peer 0x140048000 (11 bytes)
1728655294.232589 sending message 105 to peer 0x140048000 (620 bytes)
1728655294.232594 sending message 105 to peer 0x140048000 (49 bytes)
1728655294.232599 sending message 105 to peer 0x140048000 (33 bytes)
1728655294.232604 sending message 105 to peer 0x140048000 (24 bytes)
1728655294.232609 sending message 105 to peer 0x140048000 (15 bytes)
1728655294.232614 sending message 105 to peer 0x140048000 (8 bytes)
1728655294.232619 sending message 105 to peer 0x140048000 (66 bytes)
1728655294.232624 sending message 105 to peer 0x140048000 (21 bytes)
1728655294.232629 sending message 105 to peer 0x140048000 (18 bytes)
1728655294.232634 sending message 105 to peer 0x140048000 (26 bytes)
1728655294.232639 sending message 105 to peer 0x140048000 (57 bytes)
1728655294.232644 sending message 105 to peer 0x140048000 (43 bytes)
1728655294.232649 sending message 105 to peer 0x140048000 (13 bytes)
1728655294.232654 sending message 105 to peer 0x140048000 (63 bytes)
1728655294.232659 sending message 105 to peer 0x140048000 (14 bytes)
1728655294.232664 sending message 105 to peer 0x140048000 (51 bytes)
1728655294.232669 sending message 105 to peer 0x140048000 (64 bytes)
1728655294.232674 sending message 105 to peer 0x140048000 (72 bytes)
1728655294.232679 sending message 105 to peer 0x140048000 (64 bytes)
1728655294.232684 sending message 105 to peer 0x140048000 (15 bytes)
1728655294.232689 sending message 105 to peer 0x140048000 (72 bytes)
1728655294.232694 sending message 105 to peer 0x140048000 (14 bytes)
1728655294.232699 sending message 105 to peer 0x140048000 (19 bytes)
1728655294.232704 sending message 105 to peer 0x140048000 (31 bytes)
1728655294.232709 sending message 105 to peer 0x140048000 (11 bytes)
1728655294.232714 sending message 105 to peer 0x140048000 (7 bytes)
1728655294.232719 sending message 105 to peer 0x140048000 (26 bytes)
1728655294.232724 sending message 105 to peer 0x140048000 (22 bytes)
1728655294.232729 sending message 105 to peer 0x140048000 (44 bytes)
1728655294.232734 sending message 105 to peer 0x140048000 (38 bytes)
1728655294.232739 sending message 105 to peer 0x140048000 (41 bytes)
1728655294.232744 sending message 105 to peer 0x140048000 (10 bytes)
1728655294.232749 sending message 105 to peer 0x140048000 (25 bytes)
1728655294.232754 sending message 106 to peer 0x140048000 (0 bytes)
1728655294.232822 sending message 200 to peer 0x140048000 (4 bytes)
1728655294.232829 client loop enter
1728655294.233079 peer 0x140048000 message 303
1728655294.233090 open write file 2 -
1728655294.233108 sending message 305 to peer 0x140048000 (8 bytes)
1728655294.233124 write check file 2
1728655294.233152 peer 0x140048000 message 304
1728655294.233158 write 58 to file 2
1728655294.233164 peer 0x140048000 message 203
1728655294.233169 file 2 58 bytes left
1728655294.233185 write check file 2
1728655294.233191 client loop exit
